<?xml version='1.0' encoding='UTF-8'?>
<testsuite hostname="bos-mpxdk" name="com.fd.compute.DownloadS3ConfigFilesTest" tests="14" errors="0" failures="0" skipped="0" time="0.051" timestamp="2026-05-29T15:55:51">
          <properties>
[...]
</properties>
          <testcase classname="com.fd.compute.DownloadS3ConfigFilesTest" name="parseOverrides: empty string produces empty map" time="0.02">
                      
                    </testcase><testcase classname="com.fd.compute.DownloadS3ConfigFilesTest" name="parseOverrides: single KEY=value pair" time="0.002">
                      
                    </testcase><testcase classname="com.fd.compute.DownloadS3ConfigFilesTest" name="parseOverrides: multiple KEY=value pairs separated by newline" time="0.001">
                      
                    </testcase><testcase classname="com.fd.compute.DownloadS3ConfigFilesTest" name="parseOverrides: value containing '=' sign is preserved correctly" time="0.001">
                      
                    </testcase><testcase classname="com.fd.compute.DownloadS3ConfigFilesTest" name="parseOverrides: trailing newline is ignored" time="0.0">
                      
                    </testcase><testcase classname="com.fd.compute.DownloadS3ConfigFilesTest" name="downloadS3ConfigFiles: env var not set → no override emitted" time="0.008">
                      
                    </testcase><testcase classname="com.fd.compute.DownloadS3ConfigFilesTest" name="downloadS3ConfigFiles: env var set to local path → no override emitted" time="0.0">
                      
                    </testcase><testcase classname="com.fd.compute.DownloadS3ConfigFilesTest" name="downloadS3ConfigFiles: s3:// path → override emitted with correct KEY and local filename" time="0.009">
                      
                    </testcase><testcase classname="com.fd.compute.DownloadS3ConfigFilesTest" name="downloadS3ConfigFiles: s3a:// prefix also works" time="0.001">
                      
                    </testcase><testcase classname="com.fd.compute.DownloadS3ConfigFilesTest" name="downloadS3ConfigFiles: .keyN suffix stripped from local filename" time="0.002">
                      
                    </testcase><testcase classname="com.fd.compute.DownloadS3ConfigFilesTest" name="downloadS3ConfigFiles: multiple vars → all overrides returned" time="0.004">
                      
                    </testcase><testcase classname="com.fd.compute.DownloadS3ConfigFilesTest" name="downloadS3ConfigFiles: missing encryption key → throws IllegalArgumentException" time="0.002">
                      
                    </testcase><testcase classname="com.fd.compute.DownloadS3ConfigFilesTest" name="downloadS3ConfigFiles: only the 7 known _FILE vars are processed" time="0.001">
                      
                    </testcase><testcase classname="com.fd.compute.DownloadS3ConfigFilesTest" name="keyIndexOf: extracts correct key index from s3 path" time="0.0">
                      
                    </testcase>
          <system-out><![CDATA[]]></system-out>
          <system-err><![CDATA[]]></system-err>
        </testsuite>